<?xml version="1.0" encoding="UTF-8"?>
<coverage generated="1605295402803" clover="3.2.0">
  <project timestamp="1605295402803" name="All files">
    <metrics statements="143" coveredstatements="64" conditionals="20" coveredconditionals="5" methods="81" coveredmethods="31" elements="244" coveredelements="100" complexity="0" loc="143" ncloc="143" packages="1" files="9" classes="9"/>
    <file name="AddMeal.js" path="C:\Users\dwalt\Documents\506\meal planner second iteration\MealPlanner506\MealPlanner\components\AddMeal.js">
      <metrics statements="21" coveredstatements="8" conditionals="4" coveredconditionals="0" methods="11" coveredmethods="4"/>
      <line num="10" count="2" type="stmt"/>
      <line num="11" count="2" type="stmt"/>
      <line num="21" count="0" type="stmt"/>
      <line num="22" count="0" type="stmt"/>
      <line num="30" count="0" type="stmt"/>
      <line num="33" count="0" type="cond" truecount="0" falsecount="2"/>
      <line num="36" count="0" type="stmt"/>
      <line num="37" count="0" type="stmt"/>
      <line num="41" count="2" type="stmt"/>
      <line num="42" count="2" type="stmt"/>
      <line num="43" count="2" type="stmt"/>
      <line num="44" count="0" type="cond" truecount="0" falsecount="2"/>
      <line num="46" count="0" type="stmt"/>
      <line num="55" count="2" type="stmt"/>
      <line num="59" count="2" type="stmt"/>
      <line num="64" count="0" type="stmt"/>
      <line num="68" count="0" type="stmt"/>
      <line num="72" count="0" type="stmt"/>
      <line num="76" count="0" type="stmt"/>
      <line num="82" count="0" type="stmt"/>
      <line num="90" count="1" type="stmt"/>
    </file>
    <file name="Button.ios.js" path="C:\Users\dwalt\Documents\506\meal planner second iteration\MealPlanner506\MealPlanner\components\Button.ios.js">
      <metrics statements="2" coveredstatements="1" conditionals="0" coveredconditionals="0" methods="2" coveredmethods="1"/>
      <line num="7" count="7" type="stmt"/>
      <line num="8" count="0" type="stmt"/>
    </file>
    <file name="Deck.js" path="C:\Users\dwalt\Documents\506\meal planner second iteration\MealPlanner506\MealPlanner\components\Deck.js">
      <metrics statements="13" coveredstatements="7" conditionals="0" coveredconditionals="0" methods="7" coveredmethods="3"/>
      <line num="11" count="4" type="stmt"/>
      <line num="12" count="4" type="stmt"/>
      <line num="70" count="4" type="stmt"/>
      <line num="72" count="4" type="stmt"/>
      <line num="73" count="0" type="stmt"/>
      <line num="86" count="0" type="stmt"/>
      <line num="90" count="4" type="stmt"/>
      <line num="94" count="0" type="stmt"/>
      <line num="95" count="0" type="stmt"/>
      <line num="98" count="4" type="stmt"/>
      <line num="113" count="0" type="stmt"/>
      <line num="133" count="0" type="stmt"/>
      <line num="143" count="2" type="stmt"/>
    </file>
    <file name="Home.js" path="C:\Users\dwalt\Documents\506\meal planner second iteration\MealPlanner506\MealPlanner\components\Home.js">
      <metrics statements="18" coveredstatements="10" conditionals="0" coveredconditionals="0" methods="14" coveredmethods="6"/>
      <line num="9" count="5" type="stmt"/>
      <line num="10" count="5" type="stmt"/>
      <line num="17" count="5" type="stmt"/>
      <line num="18" count="0" type="stmt"/>
      <line num="19" count="0" type="stmt"/>
      <line num="24" count="5" type="stmt"/>
      <line num="25" count="0" type="stmt"/>
      <line num="26" count="0" type="stmt"/>
      <line num="37" count="9" type="stmt"/>
      <line num="41" count="0" type="stmt"/>
      <line num="42" count="0" type="stmt"/>
      <line num="44" count="0" type="stmt"/>
      <line num="45" count="0" type="stmt"/>
      <line num="53" count="1" type="stmt"/>
      <line num="56" count="1" type="stmt"/>
      <line num="59" count="1" type="stmt"/>
      <line num="62" count="1" type="stmt"/>
      <line num="67" count="2" type="stmt"/>
    </file>
    <file name="List.js" path="C:\Users\dwalt\Documents\506\meal planner second iteration\MealPlanner506\MealPlanner\components\List.js">
      <metrics statements="20" coveredstatements="8" conditionals="6" coveredconditionals="2" methods="7" coveredmethods="1"/>
      <line num="2" count="2" type="stmt"/>
      <line num="10" count="2" type="cond" truecount="2" falsecount="2"/>
      <line num="11" count="0" type="stmt"/>
      <line num="19" count="3" type="stmt"/>
      <line num="32" count="0" type="stmt"/>
      <line num="34" count="3" type="stmt"/>
      <line num="35" count="0" type="stmt"/>
      <line num="36" count="0" type="stmt"/>
      <line num="37" count="0" type="cond" truecount="0" falsecount="2"/>
      <line num="39" count="0" type="stmt"/>
      <line num="40" count="0" type="stmt"/>
      <line num="50" count="3" type="stmt"/>
      <line num="51" count="0" type="stmt"/>
      <line num="52" count="0" type="stmt"/>
      <line num="53" count="0" type="stmt"/>
      <line num="56" count="3" type="stmt"/>
      <line num="58" count="0" type="stmt"/>
      <line num="70" count="3" type="stmt"/>
      <line num="78" count="0" type="stmt"/>
      <line num="87" count="2" type="stmt"/>
    </file>
    <file name="Login.js" path="C:\Users\dwalt\Documents\506\meal planner second iteration\MealPlanner506\MealPlanner\components\Login.js">
      <metrics statements="13" coveredstatements="5" conditionals="2" coveredconditionals="1" methods="7" coveredmethods="2"/>
      <line num="9" count="5" type="stmt"/>
      <line num="10" count="5" type="stmt"/>
      <line num="21" count="5" type="cond" truecount="1" falsecount="1"/>
      <line num="22" count="0" type="stmt"/>
      <line num="23" count="0" type="stmt"/>
      <line num="24" count="0" type="stmt"/>
      <line num="26" count="0" type="stmt"/>
      <line num="32" count="0" type="stmt"/>
      <line num="38" count="0" type="stmt"/>
      <line num="45" count="0" type="stmt"/>
      <line num="51" count="0" type="stmt"/>
      <line num="57" count="5" type="stmt"/>
      <line num="61" count="4" type="stmt"/>
    </file>
    <file name="Meals.js" path="C:\Users\dwalt\Documents\506\meal planner second iteration\MealPlanner506\MealPlanner\components\Meals.js">
      <metrics statements="22" coveredstatements="6" conditionals="4" coveredconditionals="1" methods="12" coveredmethods="2"/>
      <line num="12" count="4" type="stmt"/>
      <line num="13" count="4" type="stmt"/>
      <line num="18" count="4" type="stmt"/>
      <line num="35" count="0" type="stmt"/>
      <line num="38" count="4" type="stmt"/>
      <line num="39" count="0" type="stmt"/>
      <line num="40" count="0" type="stmt"/>
      <line num="41" count="0" type="cond" truecount="0" falsecount="2"/>
      <line num="43" count="0" type="stmt"/>
      <line num="44" count="0" type="stmt"/>
      <line num="53" count="0" type="stmt"/>
      <line num="55" count="0" type="stmt"/>
      <line num="56" count="0" type="stmt"/>
      <line num="68" count="0" type="stmt"/>
      <line num="73" count="0" type="stmt"/>
      <line num="77" count="0" type="stmt"/>
      <line num="81" count="4" type="stmt"/>
      <line num="85" count="0" type="stmt"/>
      <line num="93" count="0" type="stmt"/>
      <line num="95" count="0" type="stmt"/>
      <line num="105" count="0" type="stmt"/>
      <line num="117" count="2" type="stmt"/>
    </file>
    <file name="Settings.js" path="C:\Users\dwalt\Documents\506\meal planner second iteration\MealPlanner506\MealPlanner\components\Settings.js">
      <metrics statements="21" coveredstatements="14" conditionals="2" coveredconditionals="0" methods="14" coveredmethods="10"/>
      <line num="11" count="5" type="stmt"/>
      <line num="12" count="5" type="stmt"/>
      <line num="20" count="5" type="stmt"/>
      <line num="21" count="4" type="stmt"/>
      <line num="22" count="4" type="stmt"/>
      <line num="23" count="0" type="cond" truecount="0" falsecount="2"/>
      <line num="25" count="0" type="stmt"/>
      <line num="34" count="4" type="stmt"/>
      <line num="40" count="0" type="stmt"/>
      <line num="41" count="0" type="stmt"/>
      <line num="46" count="1" type="stmt"/>
      <line num="50" count="1" type="stmt"/>
      <line num="54" count="1" type="stmt"/>
      <line num="58" count="1" type="stmt"/>
      <line num="62" count="1" type="stmt"/>
      <line num="66" count="1" type="stmt"/>
      <line num="71" count="11" type="stmt"/>
      <line num="81" count="0" type="stmt"/>
      <line num="89" count="0" type="stmt"/>
      <line num="97" count="0" type="stmt"/>
      <line num="110" count="2" type="stmt"/>
    </file>
    <file name="Signup.js" path="C:\Users\dwalt\Documents\506\meal planner second iteration\MealPlanner506\MealPlanner\components\Signup.js">
      <metrics statements="13" coveredstatements="5" conditionals="2" coveredconditionals="1" methods="7" coveredmethods="2"/>
      <line num="8" count="5" type="stmt"/>
      <line num="9" count="5" type="stmt"/>
      <line num="20" count="5" type="cond" truecount="1" falsecount="1"/>
      <line num="21" count="0" type="stmt"/>
      <line num="22" count="0" type="stmt"/>
      <line num="24" count="0" type="stmt"/>
      <line num="26" count="0" type="stmt"/>
      <line num="33" count="0" type="stmt"/>
      <line num="39" count="0" type="stmt"/>
      <line num="47" count="0" type="stmt"/>
      <line num="52" count="0" type="stmt"/>
      <line num="59" count="5" type="stmt"/>
      <line num="66" count="4" type="stmt"/>
    </file>
  </project>
</coverage>
