{"C:\\Users\\dwalt\\Documents\\506\\meal planner second iteration\\MealPlanner506\\MealPlanner\\components\\AddMeal.js": {"path":"C:\\Users\\dwalt\\Documents\\506\\meal planner second iteration\\MealPlanner506\\MealPlanner\\components\\AddMeal.js","statementMap":{"0":{"start":{"line":10,"column":8},"end":{"line":10,"column":16}},"1":{"start":{"line":11,"column":8},"end":{"line":17,"column":9}},"2":{"start":{"line":21,"column":23},"end":{"line":21,"column":25}},"3":{"start":{"line":22,"column":8},"end":{"line":31,"column":10}},"4":{"start":{"line":30,"column":12},"end":{"line":30,"column":29}},"5":{"start":{"line":33,"column":8},"end":{"line":35,"column":9}},"6":{"start":{"line":36,"column":8},"end":{"line":36,"column":40}},"7":{"start":{"line":37,"column":8},"end":{"line":37,"column":39}},"8":{"start":{"line":41,"column":20},"end":{"line":52,"column":7}},"9":{"start":{"line":42,"column":8},"end":{"line":51,"column":9}},"10":{"start":{"line":43,"column":24},"end":{"line":43,"column":58}},"11":{"start":{"line":44,"column":10},"end":{"line":48,"column":11}},"12":{"start":{"line":46,"column":12},"end":{"line":46,"column":40}},"13":{"start":{"line":55,"column":8},"end":{"line":55,"column":28}},"14":{"start":{"line":59,"column":8},"end":{"line":87,"column":9}},"15":{"start":{"line":64,"column":43},"end":{"line":64,"column":73}},"16":{"start":{"line":68,"column":43},"end":{"line":68,"column":80}},"17":{"start":{"line":72,"column":43},"end":{"line":72,"column":74}},"18":{"start":{"line":76,"column":43},"end":{"line":76,"column":77}},"19":{"start":{"line":82,"column":37},"end":{"line":82,"column":52}},"20":{"start":{"line":90,"column":15},"end":{"line":101,"column":2}}},"fnMap":{"0":{"name":"(anonymous_0)","decl":{"start":{"line":9,"column":4},"end":{"line":9,"column":5}},"loc":{"start":{"line":9,"column":22},"end":{"line":18,"column":5}},"line":9},"1":{"name":"(anonymous_1)","decl":{"start":{"line":20,"column":4},"end":{"line":20,"column":5}},"loc":{"start":{"line":20,"column":20},"end":{"line":38,"column":5}},"line":20},"2":{"name":"(anonymous_2)","decl":{"start":{"line":29,"column":14},"end":{"line":29,"column":15}},"loc":{"start":{"line":29,"column":31},"end":{"line":31,"column":9}},"line":29},"3":{"name":"(anonymous_3)","decl":{"start":{"line":41,"column":20},"end":{"line":41,"column":21}},"loc":{"start":{"line":41,"column":32},"end":{"line":52,"column":7}},"line":41},"4":{"name":"(anonymous_4)","decl":{"start":{"line":54,"column":4},"end":{"line":54,"column":5}},"loc":{"start":{"line":54,"column":23},"end":{"line":56,"column":5}},"line":54},"5":{"name":"(anonymous_5)","decl":{"start":{"line":58,"column":4},"end":{"line":58,"column":5}},"loc":{"start":{"line":58,"column":12},"end":{"line":88,"column":5}},"line":58},"6":{"name":"(anonymous_6)","decl":{"start":{"line":64,"column":34},"end":{"line":64,"column":35}},"loc":{"start":{"line":64,"column":43},"end":{"line":64,"column":73}},"line":64},"7":{"name":"(anonymous_7)","decl":{"start":{"line":68,"column":34},"end":{"line":68,"column":35}},"loc":{"start":{"line":68,"column":43},"end":{"line":68,"column":80}},"line":68},"8":{"name":"(anonymous_8)","decl":{"start":{"line":72,"column":34},"end":{"line":72,"column":35}},"loc":{"start":{"line":72,"column":43},"end":{"line":72,"column":74}},"line":72},"9":{"name":"(anonymous_9)","decl":{"start":{"line":76,"column":34},"end":{"line":76,"column":35}},"loc":{"start":{"line":76,"column":43},"end":{"line":76,"column":77}},"line":76},"10":{"name":"(anonymous_10)","decl":{"start":{"line":82,"column":33},"end":{"line":82,"column":34}},"loc":{"start":{"line":82,"column":37},"end":{"line":82,"column":52}},"line":82}},"branchMap":{"0":{"loc":{"start":{"line":33,"column":8},"end":{"line":35,"column":9}},"type":"if","locations":[{"start":{"line":33,"column":8},"end":{"line":35,"column":9}},{"start":{"line":33,"column":8},"end":{"line":35,"column":9}}],"line":33},"1":{"loc":{"start":{"line":44,"column":10},"end":{"line":48,"column":11}},"type":"if","locations":[{"start":{"line":44,"column":10},"end":{"line":48,"column":11}},{"start":{"line":44,"column":10},"end":{"line":48,"column":11}}],"line":44}},"s":{"0":2,"1":2,"2":0,"3":0,"4":0,"5":0,"6":0,"7":0,"8":2,"9":2,"10":2,"11":0,"12":0,"13":2,"14":2,"15":0,"16":0,"17":0,"18":0,"19":0,"20":1},"f":{"0":2,"1":0,"2":0,"3":2,"4":2,"5":2,"6":0,"7":0,"8":0,"9":0,"10":0},"b":{"0":[0,0],"1":[0,0]},"_coverageSchema":"1a1c01bbd47fc00a2c39e90264f33305004495a9","hash":"920376a6ad2bbf8fda339e9539b9e657adb1cde3"}
,"C:\\Users\\dwalt\\Documents\\506\\meal planner second iteration\\MealPlanner506\\MealPlanner\\components\\Button.ios.js": {"path":"C:\\Users\\dwalt\\Documents\\506\\meal planner second iteration\\MealPlanner506\\MealPlanner\\components\\Button.ios.js","statementMap":{"0":{"start":{"line":7,"column":4},"end":{"line":13,"column":5}},"1":{"start":{"line":8,"column":47},"end":{"line":8,"column":67}}},"fnMap":{"0":{"name":"(anonymous_0)","decl":{"start":{"line":6,"column":2},"end":{"line":6,"column":3}},"loc":{"start":{"line":6,"column":11},"end":{"line":14,"column":3}},"line":6},"1":{"name":"(anonymous_1)","decl":{"start":{"line":8,"column":41},"end":{"line":8,"column":42}},"loc":{"start":{"line":8,"column":47},"end":{"line":8,"column":67}},"line":8}},"branchMap":{},"s":{"0":7,"1":0},"f":{"0":7,"1":0},"b":{},"_coverageSchema":"1a1c01bbd47fc00a2c39e90264f33305004495a9","hash":"a510401048eab25eec2e0124d0782951fa1bc457"}
,"C:\\Users\\dwalt\\Documents\\506\\meal planner second iteration\\MealPlanner506\\MealPlanner\\components\\Deck.js": {"path":"C:\\Users\\dwalt\\Documents\\506\\meal planner second iteration\\MealPlanner506\\MealPlanner\\components\\Deck.js","statementMap":{"0":{"start":{"line":11,"column":8},"end":{"line":11,"column":16}},"1":{"start":{"line":12,"column":8},"end":{"line":16,"column":9}},"2":{"start":{"line":70,"column":20},"end":{"line":70,"column":22}},"3":{"start":{"line":72,"column":8},"end":{"line":89,"column":9}},"4":{"start":{"line":73,"column":12},"end":{"line":88,"column":20}},"5":{"start":{"line":86,"column":33},"end":{"line":86,"column":110}},"6":{"start":{"line":90,"column":8},"end":{"line":90,"column":21}},"7":{"start":{"line":94,"column":8},"end":{"line":94,"column":44}},"8":{"start":{"line":95,"column":8},"end":{"line":95,"column":30}},"9":{"start":{"line":98,"column":8},"end":{"line":139,"column":9}},"10":{"start":{"line":113,"column":54},"end":{"line":113,"column":76}},"11":{"start":{"line":133,"column":124},"end":{"line":133,"column":139}},"12":{"start":{"line":143,"column":15},"end":{"line":173,"column":4}}},"fnMap":{"0":{"name":"(anonymous_0)","decl":{"start":{"line":10,"column":4},"end":{"line":10,"column":5}},"loc":{"start":{"line":10,"column":17},"end":{"line":17,"column":5}},"line":10},"1":{"name":"(anonymous_1)","decl":{"start":{"line":69,"column":4},"end":{"line":69,"column":5}},"loc":{"start":{"line":69,"column":18},"end":{"line":91,"column":5}},"line":69},"2":{"name":"(anonymous_2)","decl":{"start":{"line":86,"column":29},"end":{"line":86,"column":30}},"loc":{"start":{"line":86,"column":33},"end":{"line":86,"column":110}},"line":86},"3":{"name":"(anonymous_3)","decl":{"start":{"line":93,"column":4},"end":{"line":93,"column":5}},"loc":{"start":{"line":93,"column":21},"end":{"line":96,"column":5}},"line":93},"4":{"name":"(anonymous_4)","decl":{"start":{"line":97,"column":4},"end":{"line":97,"column":5}},"loc":{"start":{"line":97,"column":12},"end":{"line":140,"column":5}},"line":97},"5":{"name":"(anonymous_5)","decl":{"start":{"line":113,"column":39},"end":{"line":113,"column":40}},"loc":{"start":{"line":113,"column":54},"end":{"line":113,"column":76}},"line":113},"6":{"name":"(anonymous_6)","decl":{"start":{"line":133,"column":120},"end":{"line":133,"column":121}},"loc":{"start":{"line":133,"column":124},"end":{"line":133,"column":139}},"line":133}},"branchMap":{},"s":{"0":4,"1":4,"2":4,"3":4,"4":0,"5":0,"6":4,"7":0,"8":0,"9":4,"10":0,"11":0,"12":2},"f":{"0":4,"1":4,"2":0,"3":0,"4":4,"5":0,"6":0},"b":{},"_coverageSchema":"1a1c01bbd47fc00a2c39e90264f33305004495a9","hash":"c39ca5dce4e86cfa168798edd30c6eb74fe64c2a"}
,"C:\\Users\\dwalt\\Documents\\506\\meal planner second iteration\\MealPlanner506\\MealPlanner\\components\\Home.js": {"path":"C:\\Users\\dwalt\\Documents\\506\\meal planner second iteration\\MealPlanner506\\MealPlanner\\components\\Home.js","statementMap":{"0":{"start":{"line":9,"column":4},"end":{"line":9,"column":12}},"1":{"start":{"line":10,"column":4},"end":{"line":13,"column":6}},"2":{"start":{"line":17,"column":11},"end":{"line":23,"column":3}},"3":{"start":{"line":18,"column":5},"end":{"line":18,"column":32}},"4":{"start":{"line":19,"column":5},"end":{"line":19,"column":73}},"5":{"start":{"line":24,"column":15},"end":{"line":33,"column":1}},"6":{"start":{"line":25,"column":2},"end":{"line":32,"column":3}},"7":{"start":{"line":26,"column":4},"end":{"line":29,"column":6}},"8":{"start":{"line":37,"column":4},"end":{"line":47,"column":6}},"9":{"start":{"line":41,"column":111},"end":{"line":41,"column":127}},"10":{"start":{"line":42,"column":113},"end":{"line":42,"column":130}},"11":{"start":{"line":44,"column":46},"end":{"line":44,"column":63}},"12":{"start":{"line":44,"column":131},"end":{"line":44,"column":147}},"13":{"start":{"line":45,"column":47},"end":{"line":45,"column":63}},"14":{"start":{"line":45,"column":132},"end":{"line":45,"column":149}},"15":{"start":{"line":53,"column":4},"end":{"line":53,"column":56}},"16":{"start":{"line":56,"column":4},"end":{"line":56,"column":56}},"17":{"start":{"line":59,"column":4},"end":{"line":59,"column":57}},"18":{"start":{"line":62,"column":4},"end":{"line":62,"column":57}},"19":{"start":{"line":67,"column":15},"end":{"line":108,"column":2}}},"fnMap":{"0":{"name":"(anonymous_0)","decl":{"start":{"line":8,"column":2},"end":{"line":8,"column":3}},"loc":{"start":{"line":8,"column":16},"end":{"line":14,"column":3}},"line":8},"1":{"name":"(anonymous_1)","decl":{"start":{"line":17,"column":11},"end":{"line":17,"column":12}},"loc":{"start":{"line":17,"column":27},"end":{"line":23,"column":3}},"line":17},"2":{"name":"(anonymous_2)","decl":{"start":{"line":24,"column":15},"end":{"line":24,"column":16}},"loc":{"start":{"line":24,"column":31},"end":{"line":33,"column":1}},"line":24},"3":{"name":"(anonymous_3)","decl":{"start":{"line":36,"column":2},"end":{"line":36,"column":3}},"loc":{"start":{"line":36,"column":11},"end":{"line":48,"column":3}},"line":36},"4":{"name":"(anonymous_4)","decl":{"start":{"line":41,"column":105},"end":{"line":41,"column":106}},"loc":{"start":{"line":41,"column":111},"end":{"line":41,"column":127}},"line":41},"5":{"name":"(anonymous_5)","decl":{"start":{"line":42,"column":107},"end":{"line":42,"column":108}},"loc":{"start":{"line":42,"column":113},"end":{"line":42,"column":130}},"line":42},"6":{"name":"(anonymous_6)","decl":{"start":{"line":44,"column":41},"end":{"line":44,"column":42}},"loc":{"start":{"line":44,"column":45},"end":{"line":44,"column":64}},"line":44},"7":{"name":"(anonymous_7)","decl":{"start":{"line":44,"column":125},"end":{"line":44,"column":126}},"loc":{"start":{"line":44,"column":131},"end":{"line":44,"column":147}},"line":44},"8":{"name":"(anonymous_8)","decl":{"start":{"line":45,"column":42},"end":{"line":45,"column":43}},"loc":{"start":{"line":45,"column":46},"end":{"line":45,"column":64}},"line":45},"9":{"name":"(anonymous_9)","decl":{"start":{"line":45,"column":126},"end":{"line":45,"column":127}},"loc":{"start":{"line":45,"column":132},"end":{"line":45,"column":149}},"line":45},"10":{"name":"(anonymous_10)","decl":{"start":{"line":52,"column":2},"end":{"line":52,"column":3}},"loc":{"start":{"line":52,"column":14},"end":{"line":54,"column":3}},"line":52},"11":{"name":"(anonymous_11)","decl":{"start":{"line":55,"column":2},"end":{"line":55,"column":3}},"loc":{"start":{"line":55,"column":15},"end":{"line":57,"column":3}},"line":55},"12":{"name":"(anonymous_12)","decl":{"start":{"line":58,"column":2},"end":{"line":58,"column":3}},"loc":{"start":{"line":58,"column":14},"end":{"line":60,"column":3}},"line":58},"13":{"name":"(anonymous_13)","decl":{"start":{"line":61,"column":2},"end":{"line":61,"column":3}},"loc":{"start":{"line":61,"column":15},"end":{"line":63,"column":3}},"line":61}},"branchMap":{},"s":{"0":5,"1":5,"2":5,"3":0,"4":0,"5":5,"6":0,"7":0,"8":9,"9":0,"10":0,"11":0,"12":0,"13":0,"14":0,"15":1,"16":1,"17":1,"18":1,"19":2},"f":{"0":5,"1":0,"2":0,"3":9,"4":0,"5":0,"6":0,"7":0,"8":0,"9":0,"10":1,"11":1,"12":1,"13":1},"b":{},"_coverageSchema":"1a1c01bbd47fc00a2c39e90264f33305004495a9","hash":"fce8f2e131a26ccb6c1062a5f1750597c693adfb"}
,"C:\\Users\\dwalt\\Documents\\506\\meal planner second iteration\\MealPlanner506\\MealPlanner\\components\\List.js": {"path":"C:\\Users\\dwalt\\Documents\\506\\meal planner second iteration\\MealPlanner506\\MealPlanner\\components\\List.js","statementMap":{"0":{"start":{"line":2,"column":34},"end":{"line":2,"column":39}},"1":{"start":{"line":10,"column":0},"end":{"line":12,"column":1}},"2":{"start":{"line":11,"column":2},"end":{"line":11,"column":56}},"3":{"start":{"line":19,"column":10},"end":{"line":21,"column":3}},"4":{"start":{"line":32,"column":4},"end":{"line":32,"column":24}},"5":{"start":{"line":34,"column":18},"end":{"line":45,"column":3}},"6":{"start":{"line":35,"column":4},"end":{"line":44,"column":5}},"7":{"start":{"line":36,"column":20},"end":{"line":36,"column":54}},"8":{"start":{"line":37,"column":6},"end":{"line":41,"column":7}},"9":{"start":{"line":39,"column":8},"end":{"line":39,"column":36}},"10":{"start":{"line":40,"column":8},"end":{"line":40,"column":33}},"11":{"start":{"line":50,"column":15},"end":{"line":54,"column":3}},"12":{"start":{"line":51,"column":24},"end":{"line":51,"column":63}},"13":{"start":{"line":51,"column":52},"end":{"line":51,"column":62}},"14":{"start":{"line":52,"column":4},"end":{"line":52,"column":65}},"15":{"start":{"line":53,"column":4},"end":{"line":53,"column":40}},"16":{"start":{"line":56,"column":15},"end":{"line":65,"column":7}},"17":{"start":{"line":58,"column":8},"end":{"line":64,"column":19}},"18":{"start":{"line":70,"column":4},"end":{"line":81,"column":6}},"19":{"start":{"line":78,"column":41},"end":{"line":78,"column":57}},"20":{"start":{"line":87,"column":15},"end":{"line":103,"column":2}}},"fnMap":{"0":{"name":"(anonymous_0)","decl":{"start":{"line":31,"column":2},"end":{"line":31,"column":3}},"loc":{"start":{"line":31,"column":11},"end":{"line":33,"column":3}},"line":31},"1":{"name":"(anonymous_1)","decl":{"start":{"line":34,"column":18},"end":{"line":34,"column":19}},"loc":{"start":{"line":34,"column":30},"end":{"line":45,"column":3}},"line":34},"2":{"name":"(anonymous_2)","decl":{"start":{"line":50,"column":15},"end":{"line":50,"column":16}},"loc":{"start":{"line":50,"column":25},"end":{"line":54,"column":3}},"line":50},"3":{"name":"(anonymous_3)","decl":{"start":{"line":51,"column":47},"end":{"line":51,"column":48}},"loc":{"start":{"line":51,"column":52},"end":{"line":51,"column":62}},"line":51},"4":{"name":"(anonymous_4)","decl":{"start":{"line":56,"column":15},"end":{"line":56,"column":16}},"loc":{"start":{"line":58,"column":8},"end":{"line":64,"column":19}},"line":58},"5":{"name":"(anonymous_5)","decl":{"start":{"line":68,"column":2},"end":{"line":68,"column":3}},"loc":{"start":{"line":68,"column":11},"end":{"line":82,"column":3}},"line":68},"6":{"name":"(anonymous_6)","decl":{"start":{"line":78,"column":24},"end":{"line":78,"column":25}},"loc":{"start":{"line":78,"column":41},"end":{"line":78,"column":57}},"line":78}},"branchMap":{"0":{"loc":{"start":{"line":10,"column":0},"end":{"line":12,"column":1}},"type":"if","locations":[{"start":{"line":10,"column":0},"end":{"line":12,"column":1}},{"start":{"line":10,"column":0},"end":{"line":12,"column":1}}],"line":10},"1":{"loc":{"start":{"line":10,"column":4},"end":{"line":10,"column":80}},"type":"binary-expr","locations":[{"start":{"line":10,"column":4},"end":{"line":10,"column":29}},{"start":{"line":10,"column":33},"end":{"line":10,"column":80}}],"line":10},"2":{"loc":{"start":{"line":37,"column":6},"end":{"line":41,"column":7}},"type":"if","locations":[{"start":{"line":37,"column":6},"end":{"line":41,"column":7}},{"start":{"line":37,"column":6},"end":{"line":41,"column":7}}],"line":37}},"s":{"0":2,"1":2,"2":0,"3":3,"4":0,"5":3,"6":0,"7":0,"8":0,"9":0,"10":0,"11":3,"12":0,"13":0,"14":0,"15":0,"16":3,"17":0,"18":3,"19":0,"20":2},"f":{"0":0,"1":0,"2":0,"3":0,"4":0,"5":3,"6":0},"b":{"0":[0,2],"1":[2,0],"2":[0,0]},"_coverageSchema":"1a1c01bbd47fc00a2c39e90264f33305004495a9","hash":"d5663695c99815523fc855dfa2c3c2836270a513"}
,"C:\\Users\\dwalt\\Documents\\506\\meal planner second iteration\\MealPlanner506\\MealPlanner\\components\\Login.js": {"path":"C:\\Users\\dwalt\\Documents\\506\\meal planner second iteration\\MealPlanner506\\MealPlanner\\components\\Login.js","statementMap":{"0":{"start":{"line":9,"column":4},"end":{"line":9,"column":12}},"1":{"start":{"line":10,"column":4},"end":{"line":15,"column":6}},"2":{"start":{"line":21,"column":4},"end":{"line":56,"column":5}},"3":{"start":{"line":22,"column":26},"end":{"line":22,"column":68}},"4":{"start":{"line":23,"column":27},"end":{"line":23,"column":70}},"5":{"start":{"line":24,"column":6},"end":{"line":55,"column":7}},"6":{"start":{"line":26,"column":51},"end":{"line":26,"column":68}},"7":{"start":{"line":32,"column":102},"end":{"line":32,"column":119}},"8":{"start":{"line":38,"column":46},"end":{"line":38,"column":71}},"9":{"start":{"line":45,"column":46},"end":{"line":45,"column":71}},"10":{"start":{"line":51,"column":99},"end":{"line":51,"column":117}},"11":{"start":{"line":57,"column":4},"end":{"line":57,"column":26}},"12":{"start":{"line":61,"column":15},"end":{"line":113,"column":2}}},"fnMap":{"0":{"name":"(anonymous_0)","decl":{"start":{"line":8,"column":2},"end":{"line":8,"column":3}},"loc":{"start":{"line":8,"column":16},"end":{"line":16,"column":3}},"line":8},"1":{"name":"(anonymous_1)","decl":{"start":{"line":20,"column":2},"end":{"line":20,"column":3}},"loc":{"start":{"line":20,"column":11},"end":{"line":58,"column":3}},"line":20},"2":{"name":"(anonymous_2)","decl":{"start":{"line":26,"column":45},"end":{"line":26,"column":46}},"loc":{"start":{"line":26,"column":51},"end":{"line":26,"column":68}},"line":26},"3":{"name":"(anonymous_3)","decl":{"start":{"line":32,"column":96},"end":{"line":32,"column":97}},"loc":{"start":{"line":32,"column":102},"end":{"line":32,"column":119}},"line":32},"4":{"name":"(anonymous_4)","decl":{"start":{"line":38,"column":32},"end":{"line":38,"column":33}},"loc":{"start":{"line":38,"column":46},"end":{"line":38,"column":71}},"line":38},"5":{"name":"(anonymous_5)","decl":{"start":{"line":45,"column":32},"end":{"line":45,"column":33}},"loc":{"start":{"line":45,"column":46},"end":{"line":45,"column":71}},"line":45},"6":{"name":"(anonymous_6)","decl":{"start":{"line":51,"column":94},"end":{"line":51,"column":95}},"loc":{"start":{"line":51,"column":98},"end":{"line":51,"column":118}},"line":51}},"branchMap":{"0":{"loc":{"start":{"line":21,"column":4},"end":{"line":56,"column":5}},"type":"if","locations":[{"start":{"line":21,"column":4},"end":{"line":56,"column":5}},{"start":{"line":21,"column":4},"end":{"line":56,"column":5}}],"line":21}},"s":{"0":5,"1":5,"2":5,"3":0,"4":0,"5":0,"6":0,"7":0,"8":0,"9":0,"10":0,"11":5,"12":4},"f":{"0":5,"1":5,"2":0,"3":0,"4":0,"5":0,"6":0},"b":{"0":[0,5]},"_coverageSchema":"1a1c01bbd47fc00a2c39e90264f33305004495a9","hash":"af3563c5a2aa6c167d6d37aa76c6d7ed6609f86e"}
,"C:\\Users\\dwalt\\Documents\\506\\meal planner second iteration\\MealPlanner506\\MealPlanner\\components\\Meals.js": {"path":"C:\\Users\\dwalt\\Documents\\506\\meal planner second iteration\\MealPlanner506\\MealPlanner\\components\\Meals.js","statementMap":{"0":{"start":{"line":12,"column":8},"end":{"line":12,"column":16}},"1":{"start":{"line":13,"column":8},"end":{"line":17,"column":9}},"2":{"start":{"line":18,"column":8},"end":{"line":18,"column":50}},"3":{"start":{"line":35,"column":8},"end":{"line":35,"column":28}},"4":{"start":{"line":38,"column":20},"end":{"line":50,"column":7}},"5":{"start":{"line":39,"column":8},"end":{"line":49,"column":9}},"6":{"start":{"line":40,"column":24},"end":{"line":40,"column":58}},"7":{"start":{"line":41,"column":10},"end":{"line":46,"column":11}},"8":{"start":{"line":43,"column":12},"end":{"line":43,"column":40}},"9":{"start":{"line":44,"column":12},"end":{"line":44,"column":33}},"10":{"start":{"line":53,"column":20},"end":{"line":53,"column":22}},"11":{"start":{"line":55,"column":8},"end":{"line":72,"column":9}},"12":{"start":{"line":56,"column":12},"end":{"line":71,"column":20}},"13":{"start":{"line":68,"column":33},"end":{"line":69,"column":89}},"14":{"start":{"line":73,"column":8},"end":{"line":73,"column":21}},"15":{"start":{"line":77,"column":8},"end":{"line":77,"column":77}},"16":{"start":{"line":81,"column":8},"end":{"line":113,"column":9}},"17":{"start":{"line":85,"column":120},"end":{"line":85,"column":134}},"18":{"start":{"line":93,"column":48},"end":{"line":93,"column":55}},"19":{"start":{"line":95,"column":28},"end":{"line":108,"column":35}},"20":{"start":{"line":105,"column":40},"end":{"line":105,"column":108}},"21":{"start":{"line":117,"column":15},"end":{"line":155,"column":4}}},"fnMap":{"0":{"name":"(anonymous_0)","decl":{"start":{"line":11,"column":4},"end":{"line":11,"column":5}},"loc":{"start":{"line":11,"column":22},"end":{"line":19,"column":5}},"line":11},"1":{"name":"(anonymous_1)","decl":{"start":{"line":20,"column":4},"end":{"line":20,"column":5}},"loc":{"start":{"line":20,"column":15},"end":{"line":22,"column":5}},"line":20},"2":{"name":"(anonymous_2)","decl":{"start":{"line":34,"column":4},"end":{"line":34,"column":5}},"loc":{"start":{"line":34,"column":26},"end":{"line":36,"column":5}},"line":34},"3":{"name":"(anonymous_3)","decl":{"start":{"line":38,"column":20},"end":{"line":38,"column":21}},"loc":{"start":{"line":38,"column":32},"end":{"line":50,"column":7}},"line":38},"4":{"name":"(anonymous_4)","decl":{"start":{"line":52,"column":4},"end":{"line":52,"column":5}},"loc":{"start":{"line":52,"column":18},"end":{"line":74,"column":5}},"line":52},"5":{"name":"(anonymous_5)","decl":{"start":{"line":68,"column":29},"end":{"line":68,"column":30}},"loc":{"start":{"line":68,"column":33},"end":{"line":69,"column":89}},"line":68},"6":{"name":"(anonymous_6)","decl":{"start":{"line":76,"column":4},"end":{"line":76,"column":5}},"loc":{"start":{"line":76,"column":13},"end":{"line":79,"column":5}},"line":76},"7":{"name":"(anonymous_7)","decl":{"start":{"line":80,"column":4},"end":{"line":80,"column":5}},"loc":{"start":{"line":80,"column":12},"end":{"line":114,"column":5}},"line":80},"8":{"name":"(anonymous_8)","decl":{"start":{"line":85,"column":116},"end":{"line":85,"column":117}},"loc":{"start":{"line":85,"column":120},"end":{"line":85,"column":134}},"line":85},"9":{"name":"(anonymous_9)","decl":{"start":{"line":93,"column":38},"end":{"line":93,"column":39}},"loc":{"start":{"line":93,"column":48},"end":{"line":93,"column":55}},"line":93},"10":{"name":"(anonymous_10)","decl":{"start":{"line":94,"column":36},"end":{"line":94,"column":37}},"loc":{"start":{"line":95,"column":28},"end":{"line":108,"column":35}},"line":95},"11":{"name":"(anonymous_11)","decl":{"start":{"line":104,"column":45},"end":{"line":104,"column":46}},"loc":{"start":{"line":104,"column":49},"end":{"line":106,"column":37}},"line":104}},"branchMap":{"0":{"loc":{"start":{"line":41,"column":10},"end":{"line":46,"column":11}},"type":"if","locations":[{"start":{"line":41,"column":10},"end":{"line":46,"column":11}},{"start":{"line":41,"column":10},"end":{"line":46,"column":11}}],"line":41},"1":{"loc":{"start":{"line":88,"column":17},"end":{"line":88,"column":141}},"type":"cond-expr","locations":[{"start":{"line":88,"column":34},"end":{"line":88,"column":125}},{"start":{"line":88,"column":128},"end":{"line":88,"column":141}}],"line":88}},"s":{"0":4,"1":4,"2":4,"3":0,"4":4,"5":0,"6":0,"7":0,"8":0,"9":0,"10":0,"11":0,"12":0,"13":0,"14":0,"15":0,"16":4,"17":0,"18":0,"19":0,"20":0,"21":2},"f":{"0":4,"1":0,"2":0,"3":0,"4":0,"5":0,"6":0,"7":4,"8":0,"9":0,"10":0,"11":0},"b":{"0":[0,0],"1":[0,4]},"_coverageSchema":"1a1c01bbd47fc00a2c39e90264f33305004495a9","hash":"749866a3f8c2420f7be2f96da7f7a2520874852e"}
,"C:\\Users\\dwalt\\Documents\\506\\meal planner second iteration\\MealPlanner506\\MealPlanner\\components\\Settings.js": {"path":"C:\\Users\\dwalt\\Documents\\506\\meal planner second iteration\\MealPlanner506\\MealPlanner\\components\\Settings.js","statementMap":{"0":{"start":{"line":11,"column":8},"end":{"line":11,"column":16}},"1":{"start":{"line":12,"column":8},"end":{"line":17,"column":10}},"2":{"start":{"line":20,"column":20},"end":{"line":31,"column":7}},"3":{"start":{"line":21,"column":8},"end":{"line":30,"column":9}},"4":{"start":{"line":22,"column":24},"end":{"line":22,"column":58}},"5":{"start":{"line":23,"column":10},"end":{"line":27,"column":11}},"6":{"start":{"line":25,"column":12},"end":{"line":25,"column":40}},"7":{"start":{"line":34,"column":8},"end":{"line":34,"column":28}},"8":{"start":{"line":40,"column":8},"end":{"line":40,"column":48}},"9":{"start":{"line":41,"column":8},"end":{"line":41,"column":32}},"10":{"start":{"line":46,"column":8},"end":{"line":46,"column":49}},"11":{"start":{"line":50,"column":8},"end":{"line":50,"column":49}},"12":{"start":{"line":54,"column":8},"end":{"line":54,"column":45}},"13":{"start":{"line":58,"column":8},"end":{"line":58,"column":50}},"14":{"start":{"line":62,"column":8},"end":{"line":62,"column":48}},"15":{"start":{"line":66,"column":8},"end":{"line":66,"column":44}},"16":{"start":{"line":71,"column":8},"end":{"line":106,"column":9}},"17":{"start":{"line":81,"column":28},"end":{"line":81,"column":69}},"18":{"start":{"line":89,"column":28},"end":{"line":89,"column":68}},"19":{"start":{"line":97,"column":28},"end":{"line":97,"column":64}},"20":{"start":{"line":110,"column":15},"end":{"line":137,"column":2}}},"fnMap":{"0":{"name":"(anonymous_0)","decl":{"start":{"line":10,"column":4},"end":{"line":10,"column":5}},"loc":{"start":{"line":10,"column":17},"end":{"line":18,"column":5}},"line":10},"1":{"name":"(anonymous_1)","decl":{"start":{"line":20,"column":20},"end":{"line":20,"column":21}},"loc":{"start":{"line":20,"column":32},"end":{"line":31,"column":7}},"line":20},"2":{"name":"(anonymous_2)","decl":{"start":{"line":33,"column":4},"end":{"line":33,"column":5}},"loc":{"start":{"line":33,"column":23},"end":{"line":35,"column":5}},"line":33},"3":{"name":"(anonymous_3)","decl":{"start":{"line":39,"column":4},"end":{"line":39,"column":5}},"loc":{"start":{"line":39,"column":12},"end":{"line":42,"column":5}},"line":39},"4":{"name":"(anonymous_4)","decl":{"start":{"line":44,"column":4},"end":{"line":44,"column":5}},"loc":{"start":{"line":44,"column":24},"end":{"line":47,"column":5}},"line":44},"5":{"name":"(anonymous_5)","decl":{"start":{"line":48,"column":4},"end":{"line":48,"column":5}},"loc":{"start":{"line":48,"column":25},"end":{"line":51,"column":5}},"line":48},"6":{"name":"(anonymous_6)","decl":{"start":{"line":52,"column":4},"end":{"line":52,"column":5}},"loc":{"start":{"line":52,"column":23},"end":{"line":55,"column":5}},"line":52},"7":{"name":"(anonymous_7)","decl":{"start":{"line":56,"column":4},"end":{"line":56,"column":5}},"loc":{"start":{"line":56,"column":19},"end":{"line":59,"column":5}},"line":56},"8":{"name":"(anonymous_8)","decl":{"start":{"line":60,"column":4},"end":{"line":60,"column":5}},"loc":{"start":{"line":60,"column":20},"end":{"line":63,"column":5}},"line":60},"9":{"name":"(anonymous_9)","decl":{"start":{"line":64,"column":4},"end":{"line":64,"column":5}},"loc":{"start":{"line":64,"column":18},"end":{"line":67,"column":5}},"line":64},"10":{"name":"(anonymous_10)","decl":{"start":{"line":70,"column":4},"end":{"line":70,"column":5}},"loc":{"start":{"line":70,"column":12},"end":{"line":107,"column":5}},"line":70},"11":{"name":"(anonymous_11)","decl":{"start":{"line":80,"column":33},"end":{"line":80,"column":34}},"loc":{"start":{"line":81,"column":28},"end":{"line":81,"column":69}},"line":81},"12":{"name":"(anonymous_12)","decl":{"start":{"line":88,"column":33},"end":{"line":88,"column":34}},"loc":{"start":{"line":89,"column":28},"end":{"line":89,"column":68}},"line":89},"13":{"name":"(anonymous_13)","decl":{"start":{"line":96,"column":33},"end":{"line":96,"column":34}},"loc":{"start":{"line":97,"column":28},"end":{"line":97,"column":64}},"line":97}},"branchMap":{"0":{"loc":{"start":{"line":23,"column":10},"end":{"line":27,"column":11}},"type":"if","locations":[{"start":{"line":23,"column":10},"end":{"line":27,"column":11}},{"start":{"line":23,"column":10},"end":{"line":27,"column":11}}],"line":23}},"s":{"0":5,"1":5,"2":5,"3":4,"4":4,"5":0,"6":0,"7":4,"8":0,"9":0,"10":1,"11":1,"12":1,"13":1,"14":1,"15":1,"16":11,"17":0,"18":0,"19":0,"20":2},"f":{"0":5,"1":4,"2":4,"3":0,"4":1,"5":1,"6":1,"7":1,"8":1,"9":1,"10":11,"11":0,"12":0,"13":0},"b":{"0":[0,0]},"_coverageSchema":"1a1c01bbd47fc00a2c39e90264f33305004495a9","hash":"0ec2c0cb5e34be20ea7103898cad798dc2efcac6"}
,"C:\\Users\\dwalt\\Documents\\506\\meal planner second iteration\\MealPlanner506\\MealPlanner\\components\\Signup.js": {"path":"C:\\Users\\dwalt\\Documents\\506\\meal planner second iteration\\MealPlanner506\\MealPlanner\\components\\Signup.js","statementMap":{"0":{"start":{"line":8,"column":4},"end":{"line":8,"column":12}},"1":{"start":{"line":9,"column":4},"end":{"line":13,"column":6}},"2":{"start":{"line":20,"column":4},"end":{"line":58,"column":5}},"3":{"start":{"line":21,"column":26},"end":{"line":21,"column":68}},"4":{"start":{"line":22,"column":27},"end":{"line":22,"column":70}},"5":{"start":{"line":24,"column":6},"end":{"line":57,"column":7}},"6":{"start":{"line":26,"column":51},"end":{"line":26,"column":68}},"7":{"start":{"line":33,"column":102},"end":{"line":33,"column":119}},"8":{"start":{"line":39,"column":46},"end":{"line":39,"column":71}},"9":{"start":{"line":47,"column":46},"end":{"line":47,"column":71}},"10":{"start":{"line":52,"column":104},"end":{"line":52,"column":124}},"11":{"start":{"line":59,"column":4},"end":{"line":59,"column":26}},"12":{"start":{"line":66,"column":15},"end":{"line":123,"column":2}}},"fnMap":{"0":{"name":"(anonymous_0)","decl":{"start":{"line":7,"column":2},"end":{"line":7,"column":3}},"loc":{"start":{"line":7,"column":16},"end":{"line":14,"column":3}},"line":7},"1":{"name":"(anonymous_1)","decl":{"start":{"line":19,"column":2},"end":{"line":19,"column":3}},"loc":{"start":{"line":19,"column":11},"end":{"line":60,"column":3}},"line":19},"2":{"name":"(anonymous_2)","decl":{"start":{"line":26,"column":45},"end":{"line":26,"column":46}},"loc":{"start":{"line":26,"column":51},"end":{"line":26,"column":68}},"line":26},"3":{"name":"(anonymous_3)","decl":{"start":{"line":33,"column":96},"end":{"line":33,"column":97}},"loc":{"start":{"line":33,"column":102},"end":{"line":33,"column":119}},"line":33},"4":{"name":"(anonymous_4)","decl":{"start":{"line":39,"column":32},"end":{"line":39,"column":33}},"loc":{"start":{"line":39,"column":46},"end":{"line":39,"column":71}},"line":39},"5":{"name":"(anonymous_5)","decl":{"start":{"line":47,"column":32},"end":{"line":47,"column":33}},"loc":{"start":{"line":47,"column":46},"end":{"line":47,"column":71}},"line":47},"6":{"name":"(anonymous_6)","decl":{"start":{"line":52,"column":99},"end":{"line":52,"column":100}},"loc":{"start":{"line":52,"column":103},"end":{"line":52,"column":125}},"line":52}},"branchMap":{"0":{"loc":{"start":{"line":20,"column":4},"end":{"line":58,"column":5}},"type":"if","locations":[{"start":{"line":20,"column":4},"end":{"line":58,"column":5}},{"start":{"line":20,"column":4},"end":{"line":58,"column":5}}],"line":20}},"s":{"0":5,"1":5,"2":5,"3":0,"4":0,"5":0,"6":0,"7":0,"8":0,"9":0,"10":0,"11":5,"12":4},"f":{"0":5,"1":5,"2":0,"3":0,"4":0,"5":0,"6":0},"b":{"0":[0,5]},"_coverageSchema":"1a1c01bbd47fc00a2c39e90264f33305004495a9","hash":"2ec35cd0630f902002d61beceb2ce35884d2fb8f"}
}
