{"C:\\Users\\dwalt\\Documents\\506\\meal planner second iteration\\MealPlanner506\\MealPlanner\\components\\AddMeal.js": {"path":"C:\\Users\\dwalt\\Documents\\506\\meal planner second iteration\\MealPlanner506\\MealPlanner\\components\\AddMeal.js","statementMap":{"0":{"start":{"line":10,"column":8},"end":{"line":10,"column":16}},"1":{"start":{"line":11,"column":8},"end":{"line":17,"column":9}},"2":{"start":{"line":21,"column":23},"end":{"line":21,"column":25}},"3":{"start":{"line":22,"column":8},"end":{"line":31,"column":10}},"4":{"start":{"line":30,"column":12},"end":{"line":30,"column":29}},"5":{"start":{"line":33,"column":8},"end":{"line":35,"column":9}},"6":{"start":{"line":36,"column":8},"end":{"line":36,"column":40}},"7":{"start":{"line":37,"column":8},"end":{"line":37,"column":39}},"8":{"start":{"line":41,"column":20},"end":{"line":52,"column":7}},"9":{"start":{"line":42,"column":8},"end":{"line":51,"column":9}},"10":{"start":{"line":43,"column":24},"end":{"line":43,"column":58}},"11":{"start":{"line":44,"column":10},"end":{"line":48,"column":11}},"12":{"start":{"line":46,"column":12},"end":{"line":46,"column":40}},"13":{"start":{"line":55,"column":8},"end":{"line":55,"column":28}},"14":{"start":{"line":59,"column":8},"end":{"line":87,"column":9}},"15":{"start":{"line":64,"column":43},"end":{"line":64,"column":73}},"16":{"start":{"line":68,"column":43},"end":{"line":68,"column":80}},"17":{"start":{"line":72,"column":43},"end":{"line":72,"column":74}},"18":{"start":{"line":76,"column":43},"end":{"line":76,"column":77}},"19":{"start":{"line":82,"column":37},"end":{"line":82,"column":52}},"20":{"start":{"line":90,"column":15},"end":{"line":101,"column":2}}},"fnMap":{"0":{"name":"(anonymous_0)","decl":{"start":{"line":9,"column":4},"end":{"line":9,"column":5}},"loc":{"start":{"line":9,"column":22},"end":{"line":18,"column":5}},"line":9},"1":{"name":"(anonymous_1)","decl":{"start":{"line":20,"column":4},"end":{"line":20,"column":5}},"loc":{"start":{"line":20,"column":20},"end":{"line":38,"column":5}},"line":20},"2":{"name":"(anonymous_2)","decl":{"start":{"line":29,"column":14},"end":{"line":29,"column":15}},"loc":{"start":{"line":29,"column":31},"end":{"line":31,"column":9}},"line":29},"3":{"name":"(anonymous_3)","decl":{"start":{"line":41,"column":20},"end":{"line":41,"column":21}},"loc":{"start":{"line":41,"column":32},"end":{"line":52,"column":7}},"line":41},"4":{"name":"(anonymous_4)","decl":{"start":{"line":54,"column":4},"end":{"line":54,"column":5}},"loc":{"start":{"line":54,"column":23},"end":{"line":56,"column":5}},"line":54},"5":{"name":"(anonymous_5)","decl":{"start":{"line":58,"column":4},"end":{"line":58,"column":5}},"loc":{"start":{"line":58,"column":12},"end":{"line":88,"column":5}},"line":58},"6":{"name":"(anonymous_6)","decl":{"start":{"line":64,"column":34},"end":{"line":64,"column":35}},"loc":{"start":{"line":64,"column":43},"end":{"line":64,"column":73}},"line":64},"7":{"name":"(anonymous_7)","decl":{"start":{"line":68,"column":34},"end":{"line":68,"column":35}},"loc":{"start":{"line":68,"column":43},"end":{"line":68,"column":80}},"line":68},"8":{"name":"(anonymous_8)","decl":{"start":{"line":72,"column":34},"end":{"line":72,"column":35}},"loc":{"start":{"line":72,"column":43},"end":{"line":72,"column":74}},"line":72},"9":{"name":"(anonymous_9)","decl":{"start":{"line":76,"column":34},"end":{"line":76,"column":35}},"loc":{"start":{"line":76,"column":43},"end":{"line":76,"column":77}},"line":76},"10":{"name":"(anonymous_10)","decl":{"start":{"line":82,"column":33},"end":{"line":82,"column":34}},"loc":{"start":{"line":82,"column":37},"end":{"line":82,"column":52}},"line":82}},"branchMap":{"0":{"loc":{"start":{"line":33,"column":8},"end":{"line":35,"column":9}},"type":"if","locations":[{"start":{"line":33,"column":8},"end":{"line":35,"column":9}},{"start":{"line":33,"column":8},"end":{"line":35,"column":9}}],"line":33},"1":{"loc":{"start":{"line":44,"column":10},"end":{"line":48,"column":11}},"type":"if","locations":[{"start":{"line":44,"column":10},"end":{"line":48,"column":11}},{"start":{"line":44,"column":10},"end":{"line":48,"column":11}}],"line":44}},"s":{"0":2,"1":2,"2":0,"3":0,"4":0,"5":0,"6":0,"7":0,"8":2,"9":2,"10":2,"11":0,"12":0,"13":2,"14":2,"15":0,"16":0,"17":0,"18":0,"19":0,"20":1},"f":{"0":2,"1":0,"2":0,"3":2,"4":2,"5":2,"6":0,"7":0,"8":0,"9":0,"10":0},"b":{"0":[0,0],"1":[0,0]},"_coverageSchema":"1a1c01bbd47fc00a2c39e90264f33305004495a9","hash":"920376a6ad2bbf8fda339e9539b9e657adb1cde3"}
,"C:\\Users\\dwalt\\Documents\\506\\meal planner second iteration\\MealPlanner506\\MealPlanner\\components\\Button.ios.js": {"path":"C:\\Users\\dwalt\\Documents\\506\\meal planner second iteration\\MealPlanner506\\MealPlanner\\components\\Button.ios.js","statementMap":{"0":{"start":{"line":7,"column":4},"end":{"line":13,"column":5}},"1":{"start":{"line":8,"column":47},"end":{"line":8,"column":67}}},"fnMap":{"0":{"name":"(anonymous_0)","decl":{"start":{"line":6,"column":2},"end":{"line":6,"column":3}},"loc":{"start":{"line":6,"column":11},"end":{"line":14,"column":3}},"line":6},"1":{"name":"(anonymous_1)","decl":{"start":{"line":8,"column":41},"end":{"line":8,"column":42}},"loc":{"start":{"line":8,"column":47},"end":{"line":8,"column":67}},"line":8}},"branchMap":{},"s":{"0":7,"1":0},"f":{"0":7,"1":0},"b":{},"_coverageSchema":"1a1c01bbd47fc00a2c39e90264f33305004495a9","hash":"a510401048eab25eec2e0124d0782951fa1bc457"}
,"C:\\Users\\dwalt\\Documents\\506\\meal planner second iteration\\MealPlanner506\\MealPlanner\\components\\Deck.js": {"path":"C:\\Users\\dwalt\\Documents\\506\\meal planner second iteration\\MealPlanner506\\MealPlanner\\components\\Deck.js","statementMap":{"0":{"start":{"line":11,"column":8},"end":{"line":11,"column":16}},"1":{"start":{"line":12,"column":8},"end":{"line":16,"column":9}},"2":{"start":{"line":21,"column":23},"end":{"line":21,"column":25}},"3":{"start":{"line":23,"column":8},"end":{"line":25,"column":9}},"4":{"start":{"line":24,"column":12},"end":{"line":24,"column":34}},"5":{"start":{"line":26,"column":8},"end":{"line":29,"column":11}},"6":{"start":{"line":28,"column":12},"end":{"line":28,"column":30}},"7":{"start":{"line":32,"column":8},"end":{"line":35,"column":9}},"8":{"start":{"line":33,"column":12},"end":{"line":33,"column":51}},"9":{"start":{"line":39,"column":20},"end":{"line":51,"column":7}},"10":{"start":{"line":40,"column":8},"end":{"line":50,"column":9}},"11":{"start":{"line":41,"column":24},"end":{"line":41,"column":58}},"12":{"start":{"line":42,"column":10},"end":{"line":47,"column":11}},"13":{"start":{"line":44,"column":12},"end":{"line":44,"column":40}},"14":{"start":{"line":45,"column":12},"end":{"line":45,"column":33}},"15":{"start":{"line":53,"column":8},"end":{"line":53,"column":28}},"16":{"start":{"line":56,"column":8},"end":{"line":56,"column":32}},"17":{"start":{"line":58,"column":23},"end":{"line":58,"column":25}},"18":{"start":{"line":59,"column":8},"end":{"line":62,"column":10}},"19":{"start":{"line":61,"column":12},"end":{"line":61,"column":29}},"20":{"start":{"line":64,"column":8},"end":{"line":66,"column":9}},"21":{"start":{"line":65,"column":12},"end":{"line":65,"column":49}},"22":{"start":{"line":70,"column":20},"end":{"line":70,"column":22}},"23":{"start":{"line":72,"column":8},"end":{"line":89,"column":9}},"24":{"start":{"line":73,"column":12},"end":{"line":88,"column":20}},"25":{"start":{"line":86,"column":33},"end":{"line":86,"column":110}},"26":{"start":{"line":90,"column":8},"end":{"line":90,"column":21}},"27":{"start":{"line":94,"column":8},"end":{"line":94,"column":44}},"28":{"start":{"line":95,"column":8},"end":{"line":95,"column":30}},"29":{"start":{"line":98,"column":8},"end":{"line":139,"column":9}},"30":{"start":{"line":113,"column":54},"end":{"line":113,"column":76}},"31":{"start":{"line":133,"column":124},"end":{"line":133,"column":139}},"32":{"start":{"line":143,"column":15},"end":{"line":173,"column":4}}},"fnMap":{"0":{"name":"(anonymous_0)","decl":{"start":{"line":10,"column":4},"end":{"line":10,"column":5}},"loc":{"start":{"line":10,"column":17},"end":{"line":17,"column":5}},"line":10},"1":{"name":"(anonymous_1)","decl":{"start":{"line":19,"column":4},"end":{"line":19,"column":5}},"loc":{"start":{"line":19,"column":25},"end":{"line":38,"column":5}},"line":19},"2":{"name":"(anonymous_2)","decl":{"start":{"line":27,"column":14},"end":{"line":27,"column":15}},"loc":{"start":{"line":27,"column":31},"end":{"line":29,"column":9}},"line":27},"3":{"name":"(anonymous_3)","decl":{"start":{"line":39,"column":20},"end":{"line":39,"column":21}},"loc":{"start":{"line":39,"column":32},"end":{"line":51,"column":7}},"line":39},"4":{"name":"(anonymous_4)","decl":{"start":{"line":52,"column":4},"end":{"line":52,"column":5}},"loc":{"start":{"line":52,"column":23},"end":{"line":54,"column":5}},"line":52},"5":{"name":"(anonymous_5)","decl":{"start":{"line":55,"column":4},"end":{"line":55,"column":5}},"loc":{"start":{"line":55,"column":20},"end":{"line":67,"column":5}},"line":55},"6":{"name":"(anonymous_6)","decl":{"start":{"line":60,"column":14},"end":{"line":60,"column":15}},"loc":{"start":{"line":60,"column":31},"end":{"line":62,"column":9}},"line":60},"7":{"name":"(anonymous_7)","decl":{"start":{"line":69,"column":4},"end":{"line":69,"column":5}},"loc":{"start":{"line":69,"column":18},"end":{"line":91,"column":5}},"line":69},"8":{"name":"(anonymous_8)","decl":{"start":{"line":86,"column":29},"end":{"line":86,"column":30}},"loc":{"start":{"line":86,"column":33},"end":{"line":86,"column":110}},"line":86},"9":{"name":"(anonymous_9)","decl":{"start":{"line":93,"column":4},"end":{"line":93,"column":5}},"loc":{"start":{"line":93,"column":21},"end":{"line":96,"column":5}},"line":93},"10":{"name":"(anonymous_10)","decl":{"start":{"line":97,"column":4},"end":{"line":97,"column":5}},"loc":{"start":{"line":97,"column":12},"end":{"line":140,"column":5}},"line":97},"11":{"name":"(anonymous_11)","decl":{"start":{"line":113,"column":39},"end":{"line":113,"column":40}},"loc":{"start":{"line":113,"column":54},"end":{"line":113,"column":76}},"line":113},"12":{"name":"(anonymous_12)","decl":{"start":{"line":133,"column":120},"end":{"line":133,"column":121}},"loc":{"start":{"line":133,"column":124},"end":{"line":133,"column":139}},"line":133}},"branchMap":{"0":{"loc":{"start":{"line":23,"column":8},"end":{"line":25,"column":9}},"type":"if","locations":[{"start":{"line":23,"column":8},"end":{"line":25,"column":9}},{"start":{"line":23,"column":8},"end":{"line":25,"column":9}}],"line":23},"1":{"loc":{"start":{"line":32,"column":8},"end":{"line":35,"column":9}},"type":"if","locations":[{"start":{"line":32,"column":8},"end":{"line":35,"column":9}},{"start":{"line":32,"column":8},"end":{"line":35,"column":9}}],"line":32},"2":{"loc":{"start":{"line":42,"column":10},"end":{"line":47,"column":11}},"type":"if","locations":[{"start":{"line":42,"column":10},"end":{"line":47,"column":11}},{"start":{"line":42,"column":10},"end":{"line":47,"column":11}}],"line":42},"3":{"loc":{"start":{"line":64,"column":8},"end":{"line":66,"column":9}},"type":"if","locations":[{"start":{"line":64,"column":8},"end":{"line":66,"column":9}},{"start":{"line":64,"column":8},"end":{"line":66,"column":9}}],"line":64}},"s":{"0":3,"1":3,"2":0,"3":0,"4":0,"5":0,"6":0,"7":0,"8":0,"9":3,"10":2,"11":2,"12":0,"13":0,"14":0,"15":2,"16":0,"17":0,"18":0,"19":0,"20":0,"21":0,"22":3,"23":3,"24":0,"25":0,"26":3,"27":0,"28":0,"29":3,"30":0,"31":0,"32":2},"f":{"0":3,"1":0,"2":0,"3":2,"4":2,"5":0,"6":0,"7":3,"8":0,"9":0,"10":3,"11":0,"12":0},"b":{"0":[0,0],"1":[0,0],"2":[0,0],"3":[0,0]},"_coverageSchema":"1a1c01bbd47fc00a2c39e90264f33305004495a9","hash":"9f87a99b0e3a6bfcfe61a8436aa6a1a76f9a0372"}
,"C:\\Users\\dwalt\\Documents\\506\\meal planner second iteration\\MealPlanner506\\MealPlanner\\components\\Home.js": {"path":"C:\\Users\\dwalt\\Documents\\506\\meal planner second iteration\\MealPlanner506\\MealPlanner\\components\\Home.js","statementMap":{"0":{"start":{"line":9,"column":4},"end":{"line":9,"column":12}},"1":{"start":{"line":10,"column":4},"end":{"line":13,"column":6}},"2":{"start":{"line":17,"column":11},"end":{"line":23,"column":3}},"3":{"start":{"line":18,"column":5},"end":{"line":18,"column":32}},"4":{"start":{"line":19,"column":5},"end":{"line":19,"column":73}},"5":{"start":{"line":24,"column":15},"end":{"line":33,"column":1}},"6":{"start":{"line":25,"column":2},"end":{"line":32,"column":3}},"7":{"start":{"line":26,"column":4},"end":{"line":29,"column":6}},"8":{"start":{"line":37,"column":4},"end":{"line":47,"column":6}},"9":{"start":{"line":41,"column":111},"end":{"line":41,"column":127}},"10":{"start":{"line":42,"column":113},"end":{"line":42,"column":130}},"11":{"start":{"line":44,"column":46},"end":{"line":44,"column":63}},"12":{"start":{"line":44,"column":131},"end":{"line":44,"column":147}},"13":{"start":{"line":45,"column":47},"end":{"line":45,"column":63}},"14":{"start":{"line":45,"column":132},"end":{"line":45,"column":149}},"15":{"start":{"line":53,"column":4},"end":{"line":53,"column":56}},"16":{"start":{"line":56,"column":4},"end":{"line":56,"column":56}},"17":{"start":{"line":59,"column":4},"end":{"line":59,"column":57}},"18":{"start":{"line":62,"column":4},"end":{"line":62,"column":57}},"19":{"start":{"line":67,"column":15},"end":{"line":108,"column":2}}},"fnMap":{"0":{"name":"(anonymous_0)","decl":{"start":{"line":8,"column":2},"end":{"line":8,"column":3}},"loc":{"start":{"line":8,"column":16},"end":{"line":14,"column":3}},"line":8},"1":{"name":"(anonymous_1)","decl":{"start":{"line":17,"column":11},"end":{"line":17,"column":12}},"loc":{"start":{"line":17,"column":27},"end":{"line":23,"column":3}},"line":17},"2":{"name":"(anonymous_2)","decl":{"start":{"line":24,"column":15},"end":{"line":24,"column":16}},"loc":{"start":{"line":24,"column":31},"end":{"line":33,"column":1}},"line":24},"3":{"name":"(anonymous_3)","decl":{"start":{"line":36,"column":2},"end":{"line":36,"column":3}},"loc":{"start":{"line":36,"column":11},"end":{"line":48,"column":3}},"line":36},"4":{"name":"(anonymous_4)","decl":{"start":{"line":41,"column":105},"end":{"line":41,"column":106}},"loc":{"start":{"line":41,"column":111},"end":{"line":41,"column":127}},"line":41},"5":{"name":"(anonymous_5)","decl":{"start":{"line":42,"column":107},"end":{"line":42,"column":108}},"loc":{"start":{"line":42,"column":113},"end":{"line":42,"column":130}},"line":42},"6":{"name":"(anonymous_6)","decl":{"start":{"line":44,"column":41},"end":{"line":44,"column":42}},"loc":{"start":{"line":44,"column":45},"end":{"line":44,"column":64}},"line":44},"7":{"name":"(anonymous_7)","decl":{"start":{"line":44,"column":125},"end":{"line":44,"column":126}},"loc":{"start":{"line":44,"column":131},"end":{"line":44,"column":147}},"line":44},"8":{"name":"(anonymous_8)","decl":{"start":{"line":45,"column":42},"end":{"line":45,"column":43}},"loc":{"start":{"line":45,"column":46},"end":{"line":45,"column":64}},"line":45},"9":{"name":"(anonymous_9)","decl":{"start":{"line":45,"column":126},"end":{"line":45,"column":127}},"loc":{"start":{"line":45,"column":132},"end":{"line":45,"column":149}},"line":45},"10":{"name":"(anonymous_10)","decl":{"start":{"line":52,"column":2},"end":{"line":52,"column":3}},"loc":{"start":{"line":52,"column":14},"end":{"line":54,"column":3}},"line":52},"11":{"name":"(anonymous_11)","decl":{"start":{"line":55,"column":2},"end":{"line":55,"column":3}},"loc":{"start":{"line":55,"column":15},"end":{"line":57,"column":3}},"line":55},"12":{"name":"(anonymous_12)","decl":{"start":{"line":58,"column":2},"end":{"line":58,"column":3}},"loc":{"start":{"line":58,"column":14},"end":{"line":60,"column":3}},"line":58},"13":{"name":"(anonymous_13)","decl":{"start":{"line":61,"column":2},"end":{"line":61,"column":3}},"loc":{"start":{"line":61,"column":15},"end":{"line":63,"column":3}},"line":61}},"branchMap":{},"s":{"0":3,"1":3,"2":3,"3":0,"4":0,"5":3,"6":0,"7":0,"8":3,"9":0,"10":0,"11":0,"12":0,"13":0,"14":0,"15":0,"16":0,"17":0,"18":0,"19":2},"f":{"0":3,"1":0,"2":0,"3":3,"4":0,"5":0,"6":0,"7":0,"8":0,"9":0,"10":0,"11":0,"12":0,"13":0},"b":{},"_coverageSchema":"1a1c01bbd47fc00a2c39e90264f33305004495a9","hash":"fce8f2e131a26ccb6c1062a5f1750597c693adfb"}
,"C:\\Users\\dwalt\\Documents\\506\\meal planner second iteration\\MealPlanner506\\MealPlanner\\components\\List.js": {"path":"C:\\Users\\dwalt\\Documents\\506\\meal planner second iteration\\MealPlanner506\\MealPlanner\\components\\List.js","statementMap":{"0":{"start":{"line":2,"column":34},"end":{"line":2,"column":39}},"1":{"start":{"line":10,"column":0},"end":{"line":12,"column":1}},"2":{"start":{"line":11,"column":2},"end":{"line":11,"column":56}},"3":{"start":{"line":19,"column":10},"end":{"line":21,"column":3}},"4":{"start":{"line":32,"column":4},"end":{"line":32,"column":24}},"5":{"start":{"line":34,"column":18},"end":{"line":45,"column":3}},"6":{"start":{"line":35,"column":4},"end":{"line":44,"column":5}},"7":{"start":{"line":36,"column":20},"end":{"line":36,"column":54}},"8":{"start":{"line":37,"column":6},"end":{"line":41,"column":7}},"9":{"start":{"line":39,"column":8},"end":{"line":39,"column":36}},"10":{"start":{"line":40,"column":8},"end":{"line":40,"column":33}},"11":{"start":{"line":48,"column":19},"end":{"line":48,"column":21}},"12":{"start":{"line":49,"column":4},"end":{"line":52,"column":6}},"13":{"start":{"line":51,"column":8},"end":{"line":51,"column":26}},"14":{"start":{"line":54,"column":4},"end":{"line":55,"column":45}},"15":{"start":{"line":55,"column":8},"end":{"line":55,"column":45}},"16":{"start":{"line":59,"column":15},"end":{"line":63,"column":3}},"17":{"start":{"line":60,"column":24},"end":{"line":60,"column":63}},"18":{"start":{"line":60,"column":52},"end":{"line":60,"column":62}},"19":{"start":{"line":61,"column":4},"end":{"line":61,"column":65}},"20":{"start":{"line":62,"column":4},"end":{"line":62,"column":40}},"21":{"start":{"line":65,"column":15},"end":{"line":74,"column":7}},"22":{"start":{"line":67,"column":8},"end":{"line":73,"column":19}},"23":{"start":{"line":79,"column":4},"end":{"line":90,"column":6}},"24":{"start":{"line":87,"column":41},"end":{"line":87,"column":57}},"25":{"start":{"line":96,"column":15},"end":{"line":112,"column":2}}},"fnMap":{"0":{"name":"(anonymous_0)","decl":{"start":{"line":31,"column":2},"end":{"line":31,"column":3}},"loc":{"start":{"line":31,"column":11},"end":{"line":33,"column":3}},"line":31},"1":{"name":"(anonymous_1)","decl":{"start":{"line":34,"column":18},"end":{"line":34,"column":19}},"loc":{"start":{"line":34,"column":30},"end":{"line":45,"column":3}},"line":34},"2":{"name":"(anonymous_2)","decl":{"start":{"line":47,"column":2},"end":{"line":47,"column":3}},"loc":{"start":{"line":47,"column":27},"end":{"line":56,"column":3}},"line":47},"3":{"name":"(anonymous_3)","decl":{"start":{"line":50,"column":10},"end":{"line":50,"column":11}},"loc":{"start":{"line":50,"column":27},"end":{"line":52,"column":5}},"line":50},"4":{"name":"(anonymous_4)","decl":{"start":{"line":59,"column":15},"end":{"line":59,"column":16}},"loc":{"start":{"line":59,"column":25},"end":{"line":63,"column":3}},"line":59},"5":{"name":"(anonymous_5)","decl":{"start":{"line":60,"column":47},"end":{"line":60,"column":48}},"loc":{"start":{"line":60,"column":52},"end":{"line":60,"column":62}},"line":60},"6":{"name":"(anonymous_6)","decl":{"start":{"line":65,"column":15},"end":{"line":65,"column":16}},"loc":{"start":{"line":67,"column":8},"end":{"line":73,"column":19}},"line":67},"7":{"name":"(anonymous_7)","decl":{"start":{"line":77,"column":2},"end":{"line":77,"column":3}},"loc":{"start":{"line":77,"column":11},"end":{"line":91,"column":3}},"line":77},"8":{"name":"(anonymous_8)","decl":{"start":{"line":87,"column":24},"end":{"line":87,"column":25}},"loc":{"start":{"line":87,"column":41},"end":{"line":87,"column":57}},"line":87}},"branchMap":{"0":{"loc":{"start":{"line":10,"column":0},"end":{"line":12,"column":1}},"type":"if","locations":[{"start":{"line":10,"column":0},"end":{"line":12,"column":1}},{"start":{"line":10,"column":0},"end":{"line":12,"column":1}}],"line":10},"1":{"loc":{"start":{"line":10,"column":4},"end":{"line":10,"column":80}},"type":"binary-expr","locations":[{"start":{"line":10,"column":4},"end":{"line":10,"column":29}},{"start":{"line":10,"column":33},"end":{"line":10,"column":80}}],"line":10},"2":{"loc":{"start":{"line":37,"column":6},"end":{"line":41,"column":7}},"type":"if","locations":[{"start":{"line":37,"column":6},"end":{"line":41,"column":7}},{"start":{"line":37,"column":6},"end":{"line":41,"column":7}}],"line":37},"3":{"loc":{"start":{"line":54,"column":4},"end":{"line":55,"column":45}},"type":"if","locations":[{"start":{"line":54,"column":4},"end":{"line":55,"column":45}},{"start":{"line":54,"column":4},"end":{"line":55,"column":45}}],"line":54}},"s":{"0":2,"1":2,"2":0,"3":3,"4":0,"5":3,"6":0,"7":0,"8":0,"9":0,"10":0,"11":0,"12":0,"13":0,"14":0,"15":0,"16":3,"17":0,"18":0,"19":0,"20":0,"21":3,"22":0,"23":3,"24":0,"25":2},"f":{"0":0,"1":0,"2":0,"3":0,"4":0,"5":0,"6":0,"7":3,"8":0},"b":{"0":[0,2],"1":[2,0],"2":[0,0],"3":[0,0]},"_coverageSchema":"1a1c01bbd47fc00a2c39e90264f33305004495a9","hash":"1994d429506e62f3baef3887db3e1991c485eed7"}
,"C:\\Users\\dwalt\\Documents\\506\\meal planner second iteration\\MealPlanner506\\MealPlanner\\components\\Login.js": {"path":"C:\\Users\\dwalt\\Documents\\506\\meal planner second iteration\\MealPlanner506\\MealPlanner\\components\\Login.js","statementMap":{"0":{"start":{"line":9,"column":4},"end":{"line":9,"column":12}},"1":{"start":{"line":10,"column":4},"end":{"line":15,"column":6}},"2":{"start":{"line":20,"column":4},"end":{"line":22,"column":6}},"3":{"start":{"line":21,"column":6},"end":{"line":21,"column":27}},"4":{"start":{"line":24,"column":4},"end":{"line":29,"column":5}},"5":{"start":{"line":25,"column":6},"end":{"line":25,"column":97}},"6":{"start":{"line":25,"column":58},"end":{"line":25,"column":94}},"7":{"start":{"line":27,"column":6},"end":{"line":27,"column":36}},"8":{"start":{"line":28,"column":6},"end":{"line":28,"column":48}},"9":{"start":{"line":33,"column":4},"end":{"line":68,"column":5}},"10":{"start":{"line":34,"column":26},"end":{"line":34,"column":68}},"11":{"start":{"line":35,"column":27},"end":{"line":35,"column":70}},"12":{"start":{"line":36,"column":6},"end":{"line":67,"column":7}},"13":{"start":{"line":38,"column":51},"end":{"line":38,"column":68}},"14":{"start":{"line":44,"column":102},"end":{"line":44,"column":119}},"15":{"start":{"line":50,"column":46},"end":{"line":50,"column":71}},"16":{"start":{"line":57,"column":46},"end":{"line":57,"column":71}},"17":{"start":{"line":63,"column":99},"end":{"line":63,"column":117}},"18":{"start":{"line":69,"column":4},"end":{"line":69,"column":26}},"19":{"start":{"line":73,"column":15},"end":{"line":125,"column":2}}},"fnMap":{"0":{"name":"(anonymous_0)","decl":{"start":{"line":8,"column":2},"end":{"line":8,"column":3}},"loc":{"start":{"line":8,"column":16},"end":{"line":16,"column":3}},"line":8},"1":{"name":"(anonymous_1)","decl":{"start":{"line":18,"column":2},"end":{"line":18,"column":3}},"loc":{"start":{"line":18,"column":21},"end":{"line":30,"column":3}},"line":18},"2":{"name":"(anonymous_2)","decl":{"start":{"line":20,"column":79},"end":{"line":20,"column":80}},"loc":{"start":{"line":20,"column":96},"end":{"line":22,"column":5}},"line":20},"3":{"name":"(anonymous_3)","decl":{"start":{"line":25,"column":53},"end":{"line":25,"column":54}},"loc":{"start":{"line":25,"column":57},"end":{"line":25,"column":95}},"line":25},"4":{"name":"(anonymous_4)","decl":{"start":{"line":32,"column":2},"end":{"line":32,"column":3}},"loc":{"start":{"line":32,"column":11},"end":{"line":70,"column":3}},"line":32},"5":{"name":"(anonymous_5)","decl":{"start":{"line":38,"column":45},"end":{"line":38,"column":46}},"loc":{"start":{"line":38,"column":51},"end":{"line":38,"column":68}},"line":38},"6":{"name":"(anonymous_6)","decl":{"start":{"line":44,"column":96},"end":{"line":44,"column":97}},"loc":{"start":{"line":44,"column":102},"end":{"line":44,"column":119}},"line":44},"7":{"name":"(anonymous_7)","decl":{"start":{"line":50,"column":32},"end":{"line":50,"column":33}},"loc":{"start":{"line":50,"column":46},"end":{"line":50,"column":71}},"line":50},"8":{"name":"(anonymous_8)","decl":{"start":{"line":57,"column":32},"end":{"line":57,"column":33}},"loc":{"start":{"line":57,"column":46},"end":{"line":57,"column":71}},"line":57},"9":{"name":"(anonymous_9)","decl":{"start":{"line":63,"column":94},"end":{"line":63,"column":95}},"loc":{"start":{"line":63,"column":98},"end":{"line":63,"column":118}},"line":63}},"branchMap":{"0":{"loc":{"start":{"line":24,"column":4},"end":{"line":29,"column":5}},"type":"if","locations":[{"start":{"line":24,"column":4},"end":{"line":29,"column":5}},{"start":{"line":24,"column":4},"end":{"line":29,"column":5}}],"line":24},"1":{"loc":{"start":{"line":33,"column":4},"end":{"line":68,"column":5}},"type":"if","locations":[{"start":{"line":33,"column":4},"end":{"line":68,"column":5}},{"start":{"line":33,"column":4},"end":{"line":68,"column":5}}],"line":33}},"s":{"0":4,"1":4,"2":0,"3":0,"4":0,"5":0,"6":0,"7":0,"8":0,"9":4,"10":0,"11":0,"12":0,"13":0,"14":0,"15":0,"16":0,"17":0,"18":4,"19":4},"f":{"0":4,"1":0,"2":0,"3":0,"4":4,"5":0,"6":0,"7":0,"8":0,"9":0},"b":{"0":[0,0],"1":[0,4]},"_coverageSchema":"1a1c01bbd47fc00a2c39e90264f33305004495a9","hash":"ae6853e91fd12aa2c752d0d654a03733a042ca52"}
,"C:\\Users\\dwalt\\Documents\\506\\meal planner second iteration\\MealPlanner506\\MealPlanner\\components\\Meals.js": {"path":"C:\\Users\\dwalt\\Documents\\506\\meal planner second iteration\\MealPlanner506\\MealPlanner\\components\\Meals.js","statementMap":{"0":{"start":{"line":12,"column":8},"end":{"line":12,"column":16}},"1":{"start":{"line":13,"column":8},"end":{"line":17,"column":9}},"2":{"start":{"line":18,"column":8},"end":{"line":18,"column":50}},"3":{"start":{"line":23,"column":23},"end":{"line":23,"column":25}},"4":{"start":{"line":24,"column":8},"end":{"line":26,"column":9}},"5":{"start":{"line":25,"column":12},"end":{"line":25,"column":34}},"6":{"start":{"line":27,"column":8},"end":{"line":30,"column":11}},"7":{"start":{"line":29,"column":12},"end":{"line":29,"column":30}},"8":{"start":{"line":33,"column":8},"end":{"line":39,"column":9}},"9":{"start":{"line":34,"column":12},"end":{"line":34,"column":51}},"10":{"start":{"line":35,"column":12},"end":{"line":35,"column":46}},"11":{"start":{"line":37,"column":12},"end":{"line":37,"column":38}},"12":{"start":{"line":38,"column":12},"end":{"line":38,"column":46}},"13":{"start":{"line":52,"column":8},"end":{"line":52,"column":28}},"14":{"start":{"line":55,"column":20},"end":{"line":67,"column":7}},"15":{"start":{"line":56,"column":8},"end":{"line":66,"column":9}},"16":{"start":{"line":57,"column":24},"end":{"line":57,"column":58}},"17":{"start":{"line":58,"column":10},"end":{"line":63,"column":11}},"18":{"start":{"line":60,"column":12},"end":{"line":60,"column":40}},"19":{"start":{"line":61,"column":12},"end":{"line":61,"column":33}},"20":{"start":{"line":70,"column":20},"end":{"line":70,"column":22}},"21":{"start":{"line":72,"column":8},"end":{"line":89,"column":9}},"22":{"start":{"line":73,"column":12},"end":{"line":88,"column":20}},"23":{"start":{"line":85,"column":33},"end":{"line":86,"column":89}},"24":{"start":{"line":90,"column":8},"end":{"line":90,"column":21}},"25":{"start":{"line":94,"column":8},"end":{"line":94,"column":77}},"26":{"start":{"line":98,"column":8},"end":{"line":130,"column":9}},"27":{"start":{"line":102,"column":120},"end":{"line":102,"column":134}},"28":{"start":{"line":110,"column":48},"end":{"line":110,"column":55}},"29":{"start":{"line":112,"column":28},"end":{"line":125,"column":35}},"30":{"start":{"line":122,"column":40},"end":{"line":122,"column":108}},"31":{"start":{"line":134,"column":15},"end":{"line":172,"column":4}}},"fnMap":{"0":{"name":"(anonymous_0)","decl":{"start":{"line":11,"column":4},"end":{"line":11,"column":5}},"loc":{"start":{"line":11,"column":22},"end":{"line":19,"column":5}},"line":11},"1":{"name":"(anonymous_1)","decl":{"start":{"line":21,"column":4},"end":{"line":21,"column":5}},"loc":{"start":{"line":21,"column":25},"end":{"line":40,"column":5}},"line":21},"2":{"name":"(anonymous_2)","decl":{"start":{"line":28,"column":14},"end":{"line":28,"column":15}},"loc":{"start":{"line":28,"column":31},"end":{"line":30,"column":9}},"line":28},"3":{"name":"(anonymous_3)","decl":{"start":{"line":51,"column":4},"end":{"line":51,"column":5}},"loc":{"start":{"line":51,"column":26},"end":{"line":53,"column":5}},"line":51},"4":{"name":"(anonymous_4)","decl":{"start":{"line":55,"column":20},"end":{"line":55,"column":21}},"loc":{"start":{"line":55,"column":32},"end":{"line":67,"column":7}},"line":55},"5":{"name":"(anonymous_5)","decl":{"start":{"line":69,"column":4},"end":{"line":69,"column":5}},"loc":{"start":{"line":69,"column":18},"end":{"line":91,"column":5}},"line":69},"6":{"name":"(anonymous_6)","decl":{"start":{"line":85,"column":29},"end":{"line":85,"column":30}},"loc":{"start":{"line":85,"column":33},"end":{"line":86,"column":89}},"line":85},"7":{"name":"(anonymous_7)","decl":{"start":{"line":93,"column":4},"end":{"line":93,"column":5}},"loc":{"start":{"line":93,"column":13},"end":{"line":96,"column":5}},"line":93},"8":{"name":"(anonymous_8)","decl":{"start":{"line":97,"column":4},"end":{"line":97,"column":5}},"loc":{"start":{"line":97,"column":12},"end":{"line":131,"column":5}},"line":97},"9":{"name":"(anonymous_9)","decl":{"start":{"line":102,"column":116},"end":{"line":102,"column":117}},"loc":{"start":{"line":102,"column":120},"end":{"line":102,"column":134}},"line":102},"10":{"name":"(anonymous_10)","decl":{"start":{"line":110,"column":38},"end":{"line":110,"column":39}},"loc":{"start":{"line":110,"column":48},"end":{"line":110,"column":55}},"line":110},"11":{"name":"(anonymous_11)","decl":{"start":{"line":111,"column":36},"end":{"line":111,"column":37}},"loc":{"start":{"line":112,"column":28},"end":{"line":125,"column":35}},"line":112},"12":{"name":"(anonymous_12)","decl":{"start":{"line":121,"column":45},"end":{"line":121,"column":46}},"loc":{"start":{"line":121,"column":49},"end":{"line":123,"column":37}},"line":121}},"branchMap":{"0":{"loc":{"start":{"line":24,"column":8},"end":{"line":26,"column":9}},"type":"if","locations":[{"start":{"line":24,"column":8},"end":{"line":26,"column":9}},{"start":{"line":24,"column":8},"end":{"line":26,"column":9}}],"line":24},"1":{"loc":{"start":{"line":33,"column":8},"end":{"line":39,"column":9}},"type":"if","locations":[{"start":{"line":33,"column":8},"end":{"line":39,"column":9}},{"start":{"line":33,"column":8},"end":{"line":39,"column":9}}],"line":33},"2":{"loc":{"start":{"line":58,"column":10},"end":{"line":63,"column":11}},"type":"if","locations":[{"start":{"line":58,"column":10},"end":{"line":63,"column":11}},{"start":{"line":58,"column":10},"end":{"line":63,"column":11}}],"line":58},"3":{"loc":{"start":{"line":105,"column":17},"end":{"line":105,"column":141}},"type":"cond-expr","locations":[{"start":{"line":105,"column":34},"end":{"line":105,"column":125}},{"start":{"line":105,"column":128},"end":{"line":105,"column":141}}],"line":105}},"s":{"0":3,"1":3,"2":3,"3":0,"4":0,"5":0,"6":0,"7":0,"8":0,"9":0,"10":0,"11":0,"12":0,"13":0,"14":3,"15":0,"16":0,"17":0,"18":0,"19":0,"20":0,"21":0,"22":0,"23":0,"24":0,"25":0,"26":3,"27":0,"28":0,"29":0,"30":0,"31":2},"f":{"0":3,"1":0,"2":0,"3":0,"4":0,"5":0,"6":0,"7":0,"8":3,"9":0,"10":0,"11":0,"12":0},"b":{"0":[0,0],"1":[0,0],"2":[0,0],"3":[0,3]},"_coverageSchema":"1a1c01bbd47fc00a2c39e90264f33305004495a9","hash":"19b582a75d6f7e79d4b8263ac5c308b4161e023f"}
,"C:\\Users\\dwalt\\Documents\\506\\meal planner second iteration\\MealPlanner506\\MealPlanner\\components\\Settings.js": {"path":"C:\\Users\\dwalt\\Documents\\506\\meal planner second iteration\\MealPlanner506\\MealPlanner\\components\\Settings.js","statementMap":{"0":{"start":{"line":11,"column":8},"end":{"line":11,"column":16}},"1":{"start":{"line":12,"column":8},"end":{"line":17,"column":10}},"2":{"start":{"line":20,"column":20},"end":{"line":31,"column":7}},"3":{"start":{"line":21,"column":8},"end":{"line":30,"column":9}},"4":{"start":{"line":22,"column":24},"end":{"line":22,"column":58}},"5":{"start":{"line":23,"column":10},"end":{"line":27,"column":11}},"6":{"start":{"line":25,"column":12},"end":{"line":25,"column":40}},"7":{"start":{"line":34,"column":8},"end":{"line":34,"column":28}},"8":{"start":{"line":39,"column":8},"end":{"line":39,"column":33}},"9":{"start":{"line":41,"column":8},"end":{"line":41,"column":58}},"10":{"start":{"line":42,"column":8},"end":{"line":42,"column":48}},"11":{"start":{"line":46,"column":8},"end":{"line":46,"column":32}},"12":{"start":{"line":48,"column":8},"end":{"line":48,"column":53}},"13":{"start":{"line":49,"column":8},"end":{"line":49,"column":48}},"14":{"start":{"line":53,"column":8},"end":{"line":53,"column":48}},"15":{"start":{"line":54,"column":8},"end":{"line":54,"column":32}},"16":{"start":{"line":59,"column":8},"end":{"line":59,"column":50}},"17":{"start":{"line":63,"column":8},"end":{"line":63,"column":49}},"18":{"start":{"line":67,"column":8},"end":{"line":67,"column":45}},"19":{"start":{"line":72,"column":8},"end":{"line":107,"column":9}},"20":{"start":{"line":82,"column":28},"end":{"line":82,"column":69}},"21":{"start":{"line":90,"column":28},"end":{"line":90,"column":68}},"22":{"start":{"line":98,"column":28},"end":{"line":98,"column":64}},"23":{"start":{"line":111,"column":15},"end":{"line":138,"column":2}}},"fnMap":{"0":{"name":"(anonymous_0)","decl":{"start":{"line":10,"column":4},"end":{"line":10,"column":5}},"loc":{"start":{"line":10,"column":17},"end":{"line":18,"column":5}},"line":10},"1":{"name":"(anonymous_1)","decl":{"start":{"line":20,"column":20},"end":{"line":20,"column":21}},"loc":{"start":{"line":20,"column":32},"end":{"line":31,"column":7}},"line":20},"2":{"name":"(anonymous_2)","decl":{"start":{"line":33,"column":4},"end":{"line":33,"column":5}},"loc":{"start":{"line":33,"column":23},"end":{"line":35,"column":5}},"line":33},"3":{"name":"(anonymous_3)","decl":{"start":{"line":38,"column":4},"end":{"line":38,"column":5}},"loc":{"start":{"line":38,"column":26},"end":{"line":44,"column":5}},"line":38},"4":{"name":"(anonymous_4)","decl":{"start":{"line":45,"column":4},"end":{"line":45,"column":5}},"loc":{"start":{"line":45,"column":22},"end":{"line":51,"column":5}},"line":45},"5":{"name":"(anonymous_5)","decl":{"start":{"line":52,"column":4},"end":{"line":52,"column":5}},"loc":{"start":{"line":52,"column":12},"end":{"line":55,"column":5}},"line":52},"6":{"name":"(anonymous_6)","decl":{"start":{"line":57,"column":4},"end":{"line":57,"column":5}},"loc":{"start":{"line":57,"column":24},"end":{"line":60,"column":5}},"line":57},"7":{"name":"(anonymous_7)","decl":{"start":{"line":61,"column":4},"end":{"line":61,"column":5}},"loc":{"start":{"line":61,"column":25},"end":{"line":64,"column":5}},"line":61},"8":{"name":"(anonymous_8)","decl":{"start":{"line":65,"column":4},"end":{"line":65,"column":5}},"loc":{"start":{"line":65,"column":23},"end":{"line":68,"column":5}},"line":65},"9":{"name":"(anonymous_9)","decl":{"start":{"line":71,"column":4},"end":{"line":71,"column":5}},"loc":{"start":{"line":71,"column":12},"end":{"line":108,"column":5}},"line":71},"10":{"name":"(anonymous_10)","decl":{"start":{"line":81,"column":33},"end":{"line":81,"column":34}},"loc":{"start":{"line":82,"column":28},"end":{"line":82,"column":69}},"line":82},"11":{"name":"(anonymous_11)","decl":{"start":{"line":89,"column":33},"end":{"line":89,"column":34}},"loc":{"start":{"line":90,"column":28},"end":{"line":90,"column":68}},"line":90},"12":{"name":"(anonymous_12)","decl":{"start":{"line":97,"column":33},"end":{"line":97,"column":34}},"loc":{"start":{"line":98,"column":28},"end":{"line":98,"column":64}},"line":98}},"branchMap":{"0":{"loc":{"start":{"line":23,"column":10},"end":{"line":27,"column":11}},"type":"if","locations":[{"start":{"line":23,"column":10},"end":{"line":27,"column":11}},{"start":{"line":23,"column":10},"end":{"line":27,"column":11}}],"line":23}},"s":{"0":3,"1":3,"2":3,"3":2,"4":2,"5":0,"6":0,"7":2,"8":0,"9":0,"10":0,"11":0,"12":0,"13":0,"14":0,"15":0,"16":0,"17":0,"18":0,"19":3,"20":0,"21":0,"22":0,"23":2},"f":{"0":3,"1":2,"2":2,"3":0,"4":0,"5":0,"6":0,"7":0,"8":0,"9":3,"10":0,"11":0,"12":0},"b":{"0":[0,0]},"_coverageSchema":"1a1c01bbd47fc00a2c39e90264f33305004495a9","hash":"3b4fca54d340c9df332ff93413444a80b3dfb152"}
,"C:\\Users\\dwalt\\Documents\\506\\meal planner second iteration\\MealPlanner506\\MealPlanner\\components\\Signup.js": {"path":"C:\\Users\\dwalt\\Documents\\506\\meal planner second iteration\\MealPlanner506\\MealPlanner\\components\\Signup.js","statementMap":{"0":{"start":{"line":9,"column":4},"end":{"line":9,"column":12}},"1":{"start":{"line":10,"column":4},"end":{"line":14,"column":6}},"2":{"start":{"line":29,"column":4},"end":{"line":31,"column":6}},"3":{"start":{"line":30,"column":5},"end":{"line":30,"column":27}},"4":{"start":{"line":33,"column":4},"end":{"line":39,"column":5}},"5":{"start":{"line":34,"column":6},"end":{"line":34,"column":97}},"6":{"start":{"line":34,"column":58},"end":{"line":34,"column":94}},"7":{"start":{"line":36,"column":3},"end":{"line":36,"column":33}},"8":{"start":{"line":37,"column":6},"end":{"line":37,"column":36}},"9":{"start":{"line":38,"column":6},"end":{"line":38,"column":49}},"10":{"start":{"line":43,"column":4},"end":{"line":81,"column":5}},"11":{"start":{"line":44,"column":26},"end":{"line":44,"column":68}},"12":{"start":{"line":45,"column":27},"end":{"line":45,"column":70}},"13":{"start":{"line":47,"column":6},"end":{"line":80,"column":7}},"14":{"start":{"line":49,"column":51},"end":{"line":49,"column":68}},"15":{"start":{"line":56,"column":102},"end":{"line":56,"column":119}},"16":{"start":{"line":62,"column":46},"end":{"line":62,"column":71}},"17":{"start":{"line":70,"column":46},"end":{"line":70,"column":71}},"18":{"start":{"line":75,"column":104},"end":{"line":75,"column":124}},"19":{"start":{"line":82,"column":4},"end":{"line":82,"column":26}},"20":{"start":{"line":89,"column":15},"end":{"line":146,"column":2}}},"fnMap":{"0":{"name":"(anonymous_0)","decl":{"start":{"line":8,"column":2},"end":{"line":8,"column":3}},"loc":{"start":{"line":8,"column":16},"end":{"line":15,"column":3}},"line":8},"1":{"name":"(anonymous_1)","decl":{"start":{"line":17,"column":2},"end":{"line":17,"column":3}},"loc":{"start":{"line":17,"column":23},"end":{"line":40,"column":3}},"line":17},"2":{"name":"(anonymous_2)","decl":{"start":{"line":29,"column":80},"end":{"line":29,"column":81}},"loc":{"start":{"line":29,"column":96},"end":{"line":31,"column":5}},"line":29},"3":{"name":"(anonymous_3)","decl":{"start":{"line":34,"column":53},"end":{"line":34,"column":54}},"loc":{"start":{"line":34,"column":57},"end":{"line":34,"column":95}},"line":34},"4":{"name":"(anonymous_4)","decl":{"start":{"line":42,"column":2},"end":{"line":42,"column":3}},"loc":{"start":{"line":42,"column":11},"end":{"line":83,"column":3}},"line":42},"5":{"name":"(anonymous_5)","decl":{"start":{"line":49,"column":45},"end":{"line":49,"column":46}},"loc":{"start":{"line":49,"column":51},"end":{"line":49,"column":68}},"line":49},"6":{"name":"(anonymous_6)","decl":{"start":{"line":56,"column":96},"end":{"line":56,"column":97}},"loc":{"start":{"line":56,"column":102},"end":{"line":56,"column":119}},"line":56},"7":{"name":"(anonymous_7)","decl":{"start":{"line":62,"column":32},"end":{"line":62,"column":33}},"loc":{"start":{"line":62,"column":46},"end":{"line":62,"column":71}},"line":62},"8":{"name":"(anonymous_8)","decl":{"start":{"line":70,"column":32},"end":{"line":70,"column":33}},"loc":{"start":{"line":70,"column":46},"end":{"line":70,"column":71}},"line":70},"9":{"name":"(anonymous_9)","decl":{"start":{"line":75,"column":99},"end":{"line":75,"column":100}},"loc":{"start":{"line":75,"column":103},"end":{"line":75,"column":125}},"line":75}},"branchMap":{"0":{"loc":{"start":{"line":33,"column":4},"end":{"line":39,"column":5}},"type":"if","locations":[{"start":{"line":33,"column":4},"end":{"line":39,"column":5}},{"start":{"line":33,"column":4},"end":{"line":39,"column":5}}],"line":33},"1":{"loc":{"start":{"line":43,"column":4},"end":{"line":81,"column":5}},"type":"if","locations":[{"start":{"line":43,"column":4},"end":{"line":81,"column":5}},{"start":{"line":43,"column":4},"end":{"line":81,"column":5}}],"line":43}},"s":{"0":4,"1":4,"2":0,"3":0,"4":0,"5":0,"6":0,"7":0,"8":0,"9":0,"10":4,"11":0,"12":0,"13":0,"14":0,"15":0,"16":0,"17":0,"18":0,"19":4,"20":4},"f":{"0":4,"1":0,"2":0,"3":0,"4":4,"5":0,"6":0,"7":0,"8":0,"9":0},"b":{"0":[0,0],"1":[0,4]},"_coverageSchema":"1a1c01bbd47fc00a2c39e90264f33305004495a9","hash":"5778041d5c820d683faa3de139edad1046be8dbf"}
}
